{"C:\\simple_crud_server\\src\\app.ts": {"path":"C:\\simple_crud_server\\src\\app.ts","statementMap":{"0":{"start":{"line":1,"column":0},"end":{"line":1,"column":75}},"1":{"start":{"line":3,"column":12},"end":{"line":27,"column":1}},"2":{"start":{"line":4,"column":26},"end":{"line":4,"column":30}},"3":{"start":{"line":6,"column":2},"end":{"line":26,"column":null}},"4":{"start":{"line":8,"column":6},"end":{"line":8,"column":22}},"5":{"start":{"line":9,"column":6},"end":{"line":9,"column":12}},"6":{"start":{"line":11,"column":6},"end":{"line":11,"column":23}},"7":{"start":{"line":12,"column":6},"end":{"line":12,"column":12}},"8":{"start":{"line":14,"column":6},"end":{"line":14,"column":22}},"9":{"start":{"line":15,"column":6},"end":{"line":15,"column":12}},"10":{"start":{"line":17,"column":6},"end":{"line":17,"column":25}},"11":{"start":{"line":18,"column":6},"end":{"line":18,"column":12}},"12":{"start":{"line":20,"column":6},"end":{"line":20,"column":27}},"13":{"start":{"line":21,"column":18},"end":{"line":23,"column":null}},"14":{"start":{"line":25,"column":6},"end":{"line":25,"column":46}},"15":{"start":{"line":29,"column":0},"end":{"line":29,"column":19}}},"fnMap":{"0":{"name":"(anonymous_0)","decl":{"start":{"line":3,"column":12},"end":{"line":3,"column":13}},"loc":{"start":{"line":3,"column":31},"end":{"line":27,"column":1}}}},"branchMap":{"0":{"loc":{"start":{"line":6,"column":2},"end":{"line":26,"column":null}},"type":"switch","locations":[{"start":{"line":7,"column":4},"end":{"line":9,"column":12}},{"start":{"line":10,"column":4},"end":{"line":12,"column":12}},{"start":{"line":13,"column":4},"end":{"line":15,"column":12}},{"start":{"line":16,"column":4},"end":{"line":18,"column":12}},{"start":{"line":19,"column":4},"end":{"line":25,"column":46}}]}},"s":{"0":2,"1":2,"2":8,"3":4,"4":2,"5":2,"6":2,"7":2,"8":0,"9":0,"10":0,"11":0,"12":0,"13":0,"14":0,"15":2},"f":{"0":4},"b":{"0":[2,2,0,0,0]}}
,"C:\\simple_crud_server\\src\\model.ts": {"path":"C:\\simple_crud_server\\src\\model.ts","statementMap":{"0":{"start":{"line":14,"column":28},"end":{"line":18,"column":2}},"1":{"start":{"line":20,"column":0},"end":{"line":20,"column":28}}},"fnMap":{},"branchMap":{},"s":{"0":3,"1":3},"f":{},"b":{}}
,"C:\\simple_crud_server\\src\\controller\\createError.ts": {"path":"C:\\simple_crud_server\\src\\controller\\createError.ts","statementMap":{"0":{"start":{"line":7,"column":20},"end":{"line":28,"column":1}},"1":{"start":{"line":8,"column":29},"end":{"line":10,"column":3}},"2":{"start":{"line":9,"column":4},"end":{"line":9,"column":51}},"3":{"start":{"line":12,"column":2},"end":{"line":18,"column":null}},"4":{"start":{"line":13,"column":4},"end":{"line":17,"column":6}},"5":{"start":{"line":20,"column":24},"end":{"line":20,"column":62}},"6":{"start":{"line":21,"column":20},"end":{"line":21,"column":75}},"7":{"start":{"line":23,"column":2},"end":{"line":27,"column":4}},"8":{"start":{"line":30,"column":0},"end":{"line":30,"column":27}}},"fnMap":{"0":{"name":"(anonymous_0)","decl":{"start":{"line":7,"column":20},"end":{"line":7,"column":21}},"loc":{"start":{"line":7,"column":56},"end":{"line":28,"column":1}}},"1":{"name":"(anonymous_1)","decl":{"start":{"line":8,"column":29},"end":{"line":8,"column":30}},"loc":{"start":{"line":8,"column":44},"end":{"line":10,"column":3}}}},"branchMap":{"0":{"loc":{"start":{"line":12,"column":2},"end":{"line":18,"column":null}},"type":"if","locations":[{"start":{"line":12,"column":2},"end":{"line":18,"column":null}}]},"1":{"loc":{"start":{"line":12,"column":6},"end":{"line":12,"column":43}},"type":"binary-expr","locations":[{"start":{"line":12,"column":6},"end":{"line":12,"column":22}},{"start":{"line":12,"column":26},"end":{"line":12,"column":43}}]},"2":{"loc":{"start":{"line":21,"column":20},"end":{"line":21,"column":75}},"type":"cond-expr","locations":[{"start":{"line":21,"column":36},"end":{"line":21,"column":59}},{"start":{"line":21,"column":62},"end":{"line":21,"column":75}}]}},"s":{"0":3,"1":17,"2":15,"3":17,"4":2,"5":15,"6":15,"7":15,"8":3},"f":{"0":17,"1":15},"b":{"0":[2],"1":[17,16],"2":[0,15]}}
,"C:\\simple_crud_server\\src\\controller\\index.ts": {"path":"C:\\simple_crud_server\\src\\controller\\index.ts","statementMap":{"0":{"start":{"line":1,"column":0},"end":{"line":1,"column":7}},"1":{"start":{"line":7,"column":9},"end":{"line":1,"column":28}},"2":{"start":{"line":2,"column":0},"end":{"line":2,"column":7}},"3":{"start":{"line":7,"column":16},"end":{"line":2,"column":30}},"4":{"start":{"line":3,"column":0},"end":{"line":3,"column":7}},"5":{"start":{"line":7,"column":24},"end":{"line":3,"column":28}},"6":{"start":{"line":4,"column":0},"end":{"line":4,"column":7}},"7":{"start":{"line":7,"column":31},"end":{"line":4,"column":34}},"8":{"start":{"line":5,"column":0},"end":{"line":5,"column":7}},"9":{"start":{"line":7,"column":41},"end":{"line":5,"column":40}}},"fnMap":{},"branchMap":{},"s":{"0":3,"1":3,"2":3,"3":3,"4":3,"5":3,"6":3,"7":3,"8":3,"9":3},"f":{},"b":{}}
,"C:\\simple_crud_server\\src\\controller\\onDelete.ts": {"path":"C:\\simple_crud_server\\src\\controller\\onDelete.ts","statementMap":{"0":{"start":{"line":1,"column":0},"end":{"line":1,"column":40}},"1":{"start":{"line":2,"column":0},"end":{"line":2,"column":29}},"2":{"start":{"line":4,"column":17},"end":{"line":45,"column":1}},"3":{"start":{"line":5,"column":25},"end":{"line":5,"column":27}},"4":{"start":{"line":7,"column":2},"end":{"line":44,"column":7}},"5":{"start":{"line":9,"column":6},"end":{"line":9,"column":24}},"6":{"start":{"line":12,"column":31},"end":{"line":12,"column":55}},"7":{"start":{"line":13,"column":17},"end":{"line":13,"column":52}},"8":{"start":{"line":15,"column":6},"end":{"line":24,"column":null}},"9":{"start":{"line":16,"column":8},"end":{"line":16,"column":29}},"10":{"start":{"line":17,"column":20},"end":{"line":19,"column":null}},"11":{"start":{"line":21,"column":8},"end":{"line":21,"column":48}},"12":{"start":{"line":22,"column":8},"end":{"line":22,"column":18}},"13":{"start":{"line":23,"column":8},"end":{"line":23,"column":15}},"14":{"start":{"line":26,"column":19},"end":{"line":26,"column":61}},"15":{"start":{"line":26,"column":46},"end":{"line":26,"column":61}},"16":{"start":{"line":27,"column":6},"end":{"line":33,"column":null}},"17":{"start":{"line":28,"column":8},"end":{"line":28,"column":29}},"18":{"start":{"line":29,"column":20},"end":{"line":29,"column":77}},"19":{"start":{"line":30,"column":8},"end":{"line":30,"column":48}},"20":{"start":{"line":31,"column":8},"end":{"line":31,"column":18}},"21":{"start":{"line":32,"column":8},"end":{"line":32,"column":15}},"22":{"start":{"line":35,"column":22},"end":{"line":35,"column":69}},"23":{"start":{"line":35,"column":54},"end":{"line":35,"column":69}},"24":{"start":{"line":36,"column":24},"end":{"line":37,"column":null}},"25":{"start":{"line":37,"column":18},"end":{"line":37,"column":null}},"26":{"start":{"line":39,"column":6},"end":{"line":39,"column":37}},"27":{"start":{"line":40,"column":6},"end":{"line":40,"column":39}},"28":{"start":{"line":41,"column":6},"end":{"line":41,"column":27}},"29":{"start":{"line":42,"column":6},"end":{"line":42,"column":51}},"30":{"start":{"line":43,"column":6},"end":{"line":43,"column":16}},"31":{"start":{"line":47,"column":0},"end":{"line":47,"column":24}}},"fnMap":{"0":{"name":"(anonymous_1)","decl":{"start":{"line":4,"column":17},"end":{"line":4,"column":18}},"loc":{"start":{"line":4,"column":36},"end":{"line":45,"column":1}}},"1":{"name":"(anonymous_2)","decl":{"start":{"line":8,"column":16},"end":{"line":8,"column":17}},"loc":{"start":{"line":8,"column":35},"end":{"line":10,"column":5}}},"2":{"name":"(anonymous_3)","decl":{"start":{"line":11,"column":15},"end":{"line":11,"column":null}},"loc":{"start":{"line":11,"column":15},"end":{"line":44,"column":5}}},"3":{"name":"(anonymous_4)","decl":{"start":{"line":26,"column":36},"end":{"line":26,"column":37}},"loc":{"start":{"line":26,"column":41},"end":{"line":26,"column":50}}},"4":{"name":"(anonymous_5)","decl":{"start":{"line":35,"column":44},"end":{"line":35,"column":45}},"loc":{"start":{"line":35,"column":49},"end":{"line":35,"column":58}}},"5":{"name":"(anonymous_6)","decl":{"start":{"line":37,"column":8},"end":{"line":37,"column":9}},"loc":{"start":{"line":37,"column":13},"end":{"line":37,"column":22}}}},"branchMap":{"0":{"loc":{"start":{"line":15,"column":6},"end":{"line":24,"column":null}},"type":"if","locations":[{"start":{"line":15,"column":6},"end":{"line":24,"column":null}}]},"1":{"loc":{"start":{"line":27,"column":6},"end":{"line":33,"column":null}},"type":"if","locations":[{"start":{"line":27,"column":6},"end":{"line":33,"column":null}}]}},"s":{"0":3,"1":3,"2":3,"3":0,"4":0,"5":0,"6":0,"7":0,"8":0,"9":0,"10":0,"11":0,"12":0,"13":0,"14":0,"15":0,"16":0,"17":0,"18":0,"19":0,"20":0,"21":0,"22":0,"23":0,"24":0,"25":0,"26":0,"27":0,"28":0,"29":0,"30":0,"31":3},"f":{"0":0,"1":0,"2":0,"3":0,"4":0,"5":0},"b":{"0":[0],"1":[0]}}
,"C:\\simple_crud_server\\src\\controller\\onGet.ts": {"path":"C:\\simple_crud_server\\src\\controller\\onGet.ts","statementMap":{"0":{"start":{"line":1,"column":0},"end":{"line":1,"column":40}},"1":{"start":{"line":2,"column":0},"end":{"line":2,"column":24}},"2":{"start":{"line":3,"column":0},"end":{"line":3,"column":38}},"3":{"start":{"line":4,"column":0},"end":{"line":4,"column":29}},"4":{"start":{"line":6,"column":18},"end":{"line":6,"column":42}},"5":{"start":{"line":8,"column":14},"end":{"line":79,"column":1}},"6":{"start":{"line":9,"column":20},"end":{"line":14,"column":3}},"7":{"start":{"line":10,"column":4},"end":{"line":10,"column":25}},"8":{"start":{"line":11,"column":16},"end":{"line":11,"column":57}},"9":{"start":{"line":12,"column":4},"end":{"line":12,"column":44}},"10":{"start":{"line":13,"column":4},"end":{"line":13,"column":14}},"11":{"start":{"line":16,"column":20},"end":{"line":26,"column":3}},"12":{"start":{"line":17,"column":22},"end":{"line":17,"column":56}},"13":{"start":{"line":18,"column":20},"end":{"line":18,"column":47}},"14":{"start":{"line":19,"column":4},"end":{"line":22,"column":7}},"15":{"start":{"line":20,"column":6},"end":{"line":20,"column":27}},"16":{"start":{"line":21,"column":6},"end":{"line":21,"column":23}},"17":{"start":{"line":23,"column":4},"end":{"line":25,"column":7}},"18":{"start":{"line":24,"column":6},"end":{"line":24,"column":16}},"19":{"start":{"line":28,"column":22},"end":{"line":32,"column":3}},"20":{"start":{"line":29,"column":4},"end":{"line":29,"column":25}},"21":{"start":{"line":30,"column":4},"end":{"line":30,"column":43}},"22":{"start":{"line":31,"column":4},"end":{"line":31,"column":14}},"23":{"start":{"line":34,"column":27},"end":{"line":34,"column":47}},"24":{"start":{"line":35,"column":13},"end":{"line":35,"column":44}},"25":{"start":{"line":37,"column":19},"end":{"line":69,"column":3}},"26":{"start":{"line":38,"column":26},"end":{"line":40,"column":5}},"27":{"start":{"line":39,"column":6},"end":{"line":39,"column":39}},"28":{"start":{"line":42,"column":4},"end":{"line":42,"column":45}},"29":{"start":{"line":42,"column":26},"end":{"line":42,"column":45}},"30":{"start":{"line":44,"column":4},"end":{"line":53,"column":null}},"31":{"start":{"line":45,"column":6},"end":{"line":45,"column":27}},"32":{"start":{"line":46,"column":18},"end":{"line":48,"column":null}},"33":{"start":{"line":50,"column":6},"end":{"line":50,"column":46}},"34":{"start":{"line":51,"column":6},"end":{"line":51,"column":16}},"35":{"start":{"line":52,"column":6},"end":{"line":52,"column":13}},"36":{"start":{"line":55,"column":20},"end":{"line":55,"column":62}},"37":{"start":{"line":55,"column":47},"end":{"line":55,"column":62}},"38":{"start":{"line":56,"column":4},"end":{"line":62,"column":null}},"39":{"start":{"line":57,"column":6},"end":{"line":57,"column":27}},"40":{"start":{"line":58,"column":18},"end":{"line":58,"column":75}},"41":{"start":{"line":59,"column":6},"end":{"line":59,"column":46}},"42":{"start":{"line":60,"column":6},"end":{"line":60,"column":16}},"43":{"start":{"line":61,"column":6},"end":{"line":61,"column":13}},"44":{"start":{"line":64,"column":18},"end":{"line":64,"column":65}},"45":{"start":{"line":64,"column":50},"end":{"line":64,"column":65}},"46":{"start":{"line":65,"column":17},"end":{"line":65,"column":48}},"47":{"start":{"line":66,"column":4},"end":{"line":66,"column":45}},"48":{"start":{"line":67,"column":4},"end":{"line":67,"column":14}},"49":{"start":{"line":68,"column":4},"end":{"line":68,"column":11}},"50":{"start":{"line":71,"column":2},"end":{"line":78,"column":null}},"51":{"start":{"line":73,"column":6},"end":{"line":73,"column":25}},"52":{"start":{"line":75,"column":6},"end":{"line":75,"column":27}},"53":{"start":{"line":77,"column":6},"end":{"line":77,"column":24}},"54":{"start":{"line":81,"column":0},"end":{"line":81,"column":21}}},"fnMap":{"0":{"name":"(anonymous_1)","decl":{"start":{"line":8,"column":14},"end":{"line":8,"column":15}},"loc":{"start":{"line":8,"column":36},"end":{"line":79,"column":1}}},"1":{"name":"(anonymous_2)","decl":{"start":{"line":9,"column":20},"end":{"line":9,"column":null}},"loc":{"start":{"line":9,"column":20},"end":{"line":14,"column":3}}},"2":{"name":"(anonymous_3)","decl":{"start":{"line":16,"column":20},"end":{"line":16,"column":null}},"loc":{"start":{"line":16,"column":20},"end":{"line":26,"column":3}}},"3":{"name":"(anonymous_4)","decl":{"start":{"line":19,"column":23},"end":{"line":19,"column":24}},"loc":{"start":{"line":19,"column":29},"end":{"line":22,"column":5}}},"4":{"name":"(anonymous_5)","decl":{"start":{"line":23,"column":22},"end":{"line":23,"column":null}},"loc":{"start":{"line":23,"column":22},"end":{"line":25,"column":5}}},"5":{"name":"(anonymous_6)","decl":{"start":{"line":28,"column":22},"end":{"line":28,"column":null}},"loc":{"start":{"line":28,"column":22},"end":{"line":32,"column":3}}},"6":{"name":"(anonymous_7)","decl":{"start":{"line":37,"column":19},"end":{"line":37,"column":null}},"loc":{"start":{"line":37,"column":19},"end":{"line":69,"column":3}}},"7":{"name":"(anonymous_8)","decl":{"start":{"line":38,"column":26},"end":{"line":38,"column":null}},"loc":{"start":{"line":38,"column":26},"end":{"line":40,"column":5}}},"8":{"name":"(anonymous_9)","decl":{"start":{"line":55,"column":37},"end":{"line":55,"column":38}},"loc":{"start":{"line":55,"column":42},"end":{"line":55,"column":51}}},"9":{"name":"(anonymous_10)","decl":{"start":{"line":64,"column":40},"end":{"line":64,"column":41}},"loc":{"start":{"line":64,"column":45},"end":{"line":64,"column":54}}}},"branchMap":{"0":{"loc":{"start":{"line":42,"column":4},"end":{"line":42,"column":45}},"type":"if","locations":[{"start":{"line":42,"column":4},"end":{"line":42,"column":45}}]},"1":{"loc":{"start":{"line":44,"column":4},"end":{"line":53,"column":null}},"type":"if","locations":[{"start":{"line":44,"column":4},"end":{"line":53,"column":null}}]},"2":{"loc":{"start":{"line":56,"column":4},"end":{"line":62,"column":null}},"type":"if","locations":[{"start":{"line":56,"column":4},"end":{"line":62,"column":null}}]},"3":{"loc":{"start":{"line":71,"column":2},"end":{"line":78,"column":null}},"type":"switch","locations":[{"start":{"line":72,"column":4},"end":{"line":73,"column":25}},{"start":{"line":74,"column":4},"end":{"line":75,"column":27}},{"start":{"line":76,"column":4},"end":{"line":77,"column":24}}]}},"s":{"0":3,"1":3,"2":3,"3":3,"4":3,"5":3,"6":2,"7":1,"8":1,"9":1,"10":1,"11":2,"12":0,"13":0,"14":0,"15":0,"16":0,"17":0,"18":0,"19":2,"20":1,"21":1,"22":1,"23":2,"24":2,"25":2,"26":1,"27":1,"28":1,"29":1,"30":0,"31":0,"32":0,"33":0,"34":0,"35":0,"36":0,"37":0,"38":0,"39":0,"40":0,"41":0,"42":0,"43":0,"44":0,"45":0,"46":0,"47":0,"48":0,"49":0,"50":2,"51":0,"52":1,"53":1,"54":3},"f":{"0":2,"1":1,"2":0,"3":0,"4":0,"5":1,"6":1,"7":1,"8":0,"9":0},"b":{"0":[1],"1":[0],"2":[0],"3":[0,1,1]}}
,"C:\\simple_crud_server\\src\\controller\\onPost.ts": {"path":"C:\\simple_crud_server\\src\\controller\\onPost.ts","statementMap":{"0":{"start":{"line":1,"column":0},"end":{"line":1,"column":40}},"1":{"start":{"line":2,"column":0},"end":{"line":2,"column":29}},"2":{"start":{"line":4,"column":15},"end":{"line":114,"column":1}},"3":{"start":{"line":5,"column":2},"end":{"line":11,"column":null}},"4":{"start":{"line":6,"column":4},"end":{"line":6,"column":25}},"5":{"start":{"line":7,"column":16},"end":{"line":7,"column":54}},"6":{"start":{"line":8,"column":4},"end":{"line":8,"column":44}},"7":{"start":{"line":9,"column":4},"end":{"line":9,"column":14}},"8":{"start":{"line":10,"column":4},"end":{"line":10,"column":11}},"9":{"start":{"line":13,"column":25},"end":{"line":13,"column":27}},"10":{"start":{"line":15,"column":2},"end":{"line":113,"column":7}},"11":{"start":{"line":17,"column":6},"end":{"line":17,"column":24}},"12":{"start":{"line":22,"column":30},"end":{"line":22,"column":32}},"13":{"start":{"line":24,"column":23},"end":{"line":24,"column":42}},"14":{"start":{"line":25,"column":6},"end":{"line":79,"column":9}},"15":{"start":{"line":26,"column":27},"end":{"line":26,"column":43}},"16":{"start":{"line":28,"column":8},"end":{"line":36,"column":null}},"17":{"start":{"line":29,"column":10},"end":{"line":29,"column":31}},"18":{"start":{"line":30,"column":22},"end":{"line":32,"column":null}},"19":{"start":{"line":34,"column":10},"end":{"line":34,"column":41}},"20":{"start":{"line":35,"column":10},"end":{"line":35,"column":20}},"21":{"start":{"line":38,"column":8},"end":{"line":46,"column":null}},"22":{"start":{"line":39,"column":10},"end":{"line":39,"column":31}},"23":{"start":{"line":40,"column":22},"end":{"line":42,"column":null}},"24":{"start":{"line":44,"column":10},"end":{"line":44,"column":41}},"25":{"start":{"line":45,"column":10},"end":{"line":45,"column":20}},"26":{"start":{"line":48,"column":8},"end":{"line":56,"column":null}},"27":{"start":{"line":49,"column":10},"end":{"line":49,"column":31}},"28":{"start":{"line":50,"column":22},"end":{"line":52,"column":null}},"29":{"start":{"line":54,"column":10},"end":{"line":54,"column":41}},"30":{"start":{"line":55,"column":10},"end":{"line":55,"column":20}},"31":{"start":{"line":57,"column":8},"end":{"line":78,"column":null}},"32":{"start":{"line":59,"column":12},"end":{"line":59,"column":51}},"33":{"start":{"line":61,"column":12},"end":{"line":61,"column":54}},"34":{"start":{"line":63,"column":34},"end":{"line":63,"column":52}},"35":{"start":{"line":64,"column":12},"end":{"line":66,"column":null}},"36":{"start":{"line":65,"column":14},"end":{"line":65,"column":77}},"37":{"start":{"line":65,"column":56},"end":{"line":65,"column":76}},"38":{"start":{"line":67,"column":12},"end":{"line":67,"column":19}},"39":{"start":{"line":69,"column":12},"end":{"line":69,"column":33}},"40":{"start":{"line":70,"column":24},"end":{"line":74,"column":null}},"41":{"start":{"line":76,"column":12},"end":{"line":76,"column":52}},"42":{"start":{"line":77,"column":12},"end":{"line":77,"column":22}},"43":{"start":{"line":81,"column":19},"end":{"line":82,"column":null}},"44":{"start":{"line":82,"column":18},"end":{"line":82,"column":null}},"45":{"start":{"line":85,"column":6},"end":{"line":91,"column":null}},"46":{"start":{"line":86,"column":8},"end":{"line":86,"column":29}},"47":{"start":{"line":87,"column":20},"end":{"line":87,"column":58}},"48":{"start":{"line":88,"column":8},"end":{"line":88,"column":48}},"49":{"start":{"line":89,"column":8},"end":{"line":89,"column":18}},"50":{"start":{"line":90,"column":8},"end":{"line":90,"column":15}},"51":{"start":{"line":94,"column":20},"end":{"line":99,"column":7}},"52":{"start":{"line":95,"column":19},"end":{"line":95,"column":47}},"53":{"start":{"line":96,"column":8},"end":{"line":96,"column":34}},"54":{"start":{"line":97,"column":8},"end":{"line":97,"column":36}},"55":{"start":{"line":98,"column":8},"end":{"line":98,"column":18}},"56":{"start":{"line":101,"column":35},"end":{"line":106,"column":8}},"57":{"start":{"line":108,"column":6},"end":{"line":108,"column":32}},"58":{"start":{"line":109,"column":6},"end":{"line":109,"column":51}},"59":{"start":{"line":110,"column":6},"end":{"line":110,"column":27}},"60":{"start":{"line":111,"column":6},"end":{"line":111,"column":41}},"61":{"start":{"line":112,"column":6},"end":{"line":112,"column":16}},"62":{"start":{"line":116,"column":0},"end":{"line":116,"column":22}}},"fnMap":{"0":{"name":"(anonymous_1)","decl":{"start":{"line":4,"column":15},"end":{"line":4,"column":16}},"loc":{"start":{"line":4,"column":34},"end":{"line":114,"column":1}}},"1":{"name":"(anonymous_2)","decl":{"start":{"line":16,"column":16},"end":{"line":16,"column":17}},"loc":{"start":{"line":16,"column":35},"end":{"line":18,"column":5}}},"2":{"name":"(anonymous_3)","decl":{"start":{"line":19,"column":15},"end":{"line":19,"column":null}},"loc":{"start":{"line":19,"column":15},"end":{"line":113,"column":5}}},"3":{"name":"(anonymous_4)","decl":{"start":{"line":25,"column":19},"end":{"line":25,"column":20}},"loc":{"start":{"line":25,"column":32},"end":{"line":79,"column":7}}},"4":{"name":"(anonymous_5)","decl":{"start":{"line":65,"column":45},"end":{"line":65,"column":46}},"loc":{"start":{"line":65,"column":51},"end":{"line":65,"column":63}}},"5":{"name":"(anonymous_6)","decl":{"start":{"line":82,"column":8},"end":{"line":82,"column":9}},"loc":{"start":{"line":82,"column":13},"end":{"line":82,"column":22}}},"6":{"name":"(anonymous_7)","decl":{"start":{"line":94,"column":20},"end":{"line":94,"column":null}},"loc":{"start":{"line":94,"column":20},"end":{"line":99,"column":7}}}},"branchMap":{"0":{"loc":{"start":{"line":5,"column":2},"end":{"line":11,"column":null}},"type":"if","locations":[{"start":{"line":5,"column":2},"end":{"line":11,"column":null}}]},"1":{"loc":{"start":{"line":28,"column":8},"end":{"line":36,"column":null}},"type":"if","locations":[{"start":{"line":28,"column":8},"end":{"line":36,"column":null}}]},"2":{"loc":{"start":{"line":38,"column":8},"end":{"line":46,"column":null}},"type":"if","locations":[{"start":{"line":38,"column":8},"end":{"line":46,"column":null}}]},"3":{"loc":{"start":{"line":48,"column":8},"end":{"line":56,"column":null}},"type":"if","locations":[{"start":{"line":48,"column":8},"end":{"line":56,"column":null}}]},"4":{"loc":{"start":{"line":57,"column":8},"end":{"line":78,"column":null}},"type":"switch","locations":[{"start":{"line":58,"column":10},"end":{"line":59,"column":51}},{"start":{"line":60,"column":10},"end":{"line":61,"column":54}},{"start":{"line":62,"column":10},"end":{"line":67,"column":19}},{"start":{"line":68,"column":10},"end":{"line":77,"column":22}}]},"5":{"loc":{"start":{"line":64,"column":12},"end":{"line":66,"column":null}},"type":"if","locations":[{"start":{"line":64,"column":12},"end":{"line":66,"column":null}}]},"6":{"loc":{"start":{"line":82,"column":18},"end":{"line":82,"column":64}},"type":"binary-expr","locations":[{"start":{"line":82,"column":18},"end":{"line":82,"column":44}},{"start":{"line":82,"column":48},"end":{"line":82,"column":64}}]},"7":{"loc":{"start":{"line":85,"column":6},"end":{"line":91,"column":null}},"type":"if","locations":[{"start":{"line":85,"column":6},"end":{"line":91,"column":null}}]},"8":{"loc":{"start":{"line":105,"column":17},"end":{"line":105,"column":48}},"type":"cond-expr","locations":[{"start":{"line":105,"column":36},"end":{"line":105,"column":43}},{"start":{"line":105,"column":46},"end":{"line":105,"column":48}}]}},"s":{"0":3,"1":3,"2":3,"3":2,"4":0,"5":0,"6":0,"7":0,"8":0,"9":2,"10":2,"11":2,"12":2,"13":2,"14":2,"15":6,"16":6,"17":4,"18":4,"19":4,"20":4,"21":6,"22":4,"23":4,"24":4,"25":4,"26":6,"27":4,"28":4,"29":4,"30":4,"31":6,"32":2,"33":2,"34":2,"35":2,"36":2,"37":2,"38":2,"39":0,"40":0,"41":0,"42":0,"43":2,"44":1,"45":2,"46":0,"47":0,"48":0,"49":0,"50":0,"51":2,"52":2,"53":2,"54":2,"55":2,"56":2,"57":2,"58":2,"59":2,"60":2,"61":2,"62":3},"f":{"0":2,"1":2,"2":2,"3":6,"4":2,"5":1,"6":2},"b":{"0":[0],"1":[4],"2":[4],"3":[4],"4":[2,2,2,0],"5":[2],"6":[1,0],"7":[0],"8":[2,0]}}
,"C:\\simple_crud_server\\src\\controller\\onPut.ts": {"path":"C:\\simple_crud_server\\src\\controller\\onPut.ts","statementMap":{"0":{"start":{"line":1,"column":0},"end":{"line":1,"column":40}},"1":{"start":{"line":2,"column":0},"end":{"line":2,"column":29}},"2":{"start":{"line":4,"column":14},"end":{"line":87,"column":1}},"3":{"start":{"line":5,"column":25},"end":{"line":5,"column":27}},"4":{"start":{"line":7,"column":2},"end":{"line":86,"column":7}},"5":{"start":{"line":9,"column":6},"end":{"line":9,"column":24}},"6":{"start":{"line":12,"column":31},"end":{"line":12,"column":55}},"7":{"start":{"line":13,"column":17},"end":{"line":13,"column":52}},"8":{"start":{"line":15,"column":6},"end":{"line":24,"column":null}},"9":{"start":{"line":16,"column":8},"end":{"line":16,"column":29}},"10":{"start":{"line":17,"column":20},"end":{"line":19,"column":null}},"11":{"start":{"line":21,"column":8},"end":{"line":21,"column":48}},"12":{"start":{"line":22,"column":8},"end":{"line":22,"column":18}},"13":{"start":{"line":23,"column":8},"end":{"line":23,"column":15}},"14":{"start":{"line":26,"column":19},"end":{"line":26,"column":61}},"15":{"start":{"line":26,"column":46},"end":{"line":26,"column":61}},"16":{"start":{"line":27,"column":6},"end":{"line":33,"column":null}},"17":{"start":{"line":28,"column":8},"end":{"line":28,"column":29}},"18":{"start":{"line":29,"column":20},"end":{"line":29,"column":77}},"19":{"start":{"line":30,"column":8},"end":{"line":30,"column":48}},"20":{"start":{"line":31,"column":8},"end":{"line":31,"column":18}},"21":{"start":{"line":32,"column":8},"end":{"line":32,"column":15}},"22":{"start":{"line":37,"column":38},"end":{"line":37,"column":42}},"23":{"start":{"line":39,"column":23},"end":{"line":39,"column":42}},"24":{"start":{"line":40,"column":6},"end":{"line":65,"column":9}},"25":{"start":{"line":41,"column":27},"end":{"line":41,"column":43}},"26":{"start":{"line":43,"column":8},"end":{"line":64,"column":null}},"27":{"start":{"line":45,"column":12},"end":{"line":45,"column":51}},"28":{"start":{"line":47,"column":12},"end":{"line":47,"column":54}},"29":{"start":{"line":49,"column":34},"end":{"line":49,"column":52}},"30":{"start":{"line":50,"column":12},"end":{"line":52,"column":null}},"31":{"start":{"line":51,"column":14},"end":{"line":51,"column":77}},"32":{"start":{"line":51,"column":56},"end":{"line":51,"column":76}},"33":{"start":{"line":53,"column":12},"end":{"line":53,"column":19}},"34":{"start":{"line":55,"column":12},"end":{"line":55,"column":33}},"35":{"start":{"line":56,"column":24},"end":{"line":60,"column":null}},"36":{"start":{"line":62,"column":12},"end":{"line":62,"column":52}},"37":{"start":{"line":63,"column":12},"end":{"line":63,"column":22}},"38":{"start":{"line":73,"column":39},"end":{"line":77,"column":8}},"39":{"start":{"line":79,"column":6},"end":{"line":83,"column":9}},"40":{"start":{"line":80,"column":8},"end":{"line":82,"column":null}},"41":{"start":{"line":81,"column":10},"end":{"line":81,"column":43}},"42":{"start":{"line":84,"column":6},"end":{"line":84,"column":45}},"43":{"start":{"line":85,"column":6},"end":{"line":85,"column":16}},"44":{"start":{"line":89,"column":0},"end":{"line":89,"column":21}}},"fnMap":{"0":{"name":"(anonymous_1)","decl":{"start":{"line":4,"column":14},"end":{"line":4,"column":15}},"loc":{"start":{"line":4,"column":33},"end":{"line":87,"column":1}}},"1":{"name":"(anonymous_2)","decl":{"start":{"line":8,"column":16},"end":{"line":8,"column":17}},"loc":{"start":{"line":8,"column":35},"end":{"line":10,"column":5}}},"2":{"name":"(anonymous_3)","decl":{"start":{"line":11,"column":15},"end":{"line":11,"column":null}},"loc":{"start":{"line":11,"column":15},"end":{"line":86,"column":5}}},"3":{"name":"(anonymous_4)","decl":{"start":{"line":26,"column":36},"end":{"line":26,"column":37}},"loc":{"start":{"line":26,"column":41},"end":{"line":26,"column":50}}},"4":{"name":"(anonymous_5)","decl":{"start":{"line":40,"column":19},"end":{"line":40,"column":20}},"loc":{"start":{"line":40,"column":32},"end":{"line":65,"column":7}}},"5":{"name":"(anonymous_6)","decl":{"start":{"line":51,"column":45},"end":{"line":51,"column":46}},"loc":{"start":{"line":51,"column":51},"end":{"line":51,"column":63}}},"6":{"name":"(anonymous_7)","decl":{"start":{"line":79,"column":22},"end":{"line":79,"column":23}},"loc":{"start":{"line":79,"column":27},"end":{"line":83,"column":7}}}},"branchMap":{"0":{"loc":{"start":{"line":15,"column":6},"end":{"line":24,"column":null}},"type":"if","locations":[{"start":{"line":15,"column":6},"end":{"line":24,"column":null}}]},"1":{"loc":{"start":{"line":27,"column":6},"end":{"line":33,"column":null}},"type":"if","locations":[{"start":{"line":27,"column":6},"end":{"line":33,"column":null}}]},"2":{"loc":{"start":{"line":43,"column":8},"end":{"line":64,"column":null}},"type":"switch","locations":[{"start":{"line":44,"column":10},"end":{"line":45,"column":51}},{"start":{"line":46,"column":10},"end":{"line":47,"column":54}},{"start":{"line":48,"column":10},"end":{"line":53,"column":19}},{"start":{"line":54,"column":10},"end":{"line":63,"column":22}}]},"3":{"loc":{"start":{"line":50,"column":12},"end":{"line":52,"column":null}},"type":"if","locations":[{"start":{"line":50,"column":12},"end":{"line":52,"column":null}}]},"4":{"loc":{"start":{"line":80,"column":8},"end":{"line":82,"column":null}},"type":"if","locations":[{"start":{"line":80,"column":8},"end":{"line":82,"column":null}}]}},"s":{"0":3,"1":3,"2":3,"3":0,"4":0,"5":0,"6":0,"7":0,"8":0,"9":0,"10":0,"11":0,"12":0,"13":0,"14":0,"15":0,"16":0,"17":0,"18":0,"19":0,"20":0,"21":0,"22":0,"23":0,"24":0,"25":0,"26":0,"27":0,"28":0,"29":0,"30":0,"31":0,"32":0,"33":0,"34":0,"35":0,"36":0,"37":0,"38":0,"39":0,"40":0,"41":0,"42":0,"43":0,"44":3},"f":{"0":0,"1":0,"2":0,"3":0,"4":0,"5":0,"6":0},"b":{"0":[0],"1":[0],"2":[0,0,0,0],"3":[0],"4":[0]}}
}
