TN:
SF:src\app.ts
FN:3,(anonymous_0)
FNF:1
FNH:1
FNDA:4,(anonymous_0)
DA:1,2
DA:3,2
DA:4,8
DA:6,4
DA:8,2
DA:9,2
DA:11,2
DA:12,2
DA:14,0
DA:15,0
DA:17,0
DA:18,0
DA:20,0
DA:21,0
DA:25,0
DA:29,2
LF:16
LH:9
BRDA:6,0,0,2
BRDA:6,0,1,2
BRDA:6,0,2,0
BRDA:6,0,3,0
BRDA:6,0,4,0
BRF:5
BRH:2
end_of_record
TN:
SF:src\model.ts
FNF:0
FNH:0
DA:14,3
DA:20,3
LF:2
LH:2
BRF:0
BRH:0
end_of_record
TN:
SF:src\controller\createError.ts
FN:7,(anonymous_0)
FN:8,(anonymous_1)
FNF:2
FNH:2
FNDA:17,(anonymous_0)
FNDA:15,(anonymous_1)
DA:7,3
DA:8,17
DA:9,15
DA:12,17
DA:13,2
DA:20,15
DA:21,15
DA:23,15
DA:30,3
LF:9
LH:9
BRDA:12,0,0,2
BRDA:12,1,0,17
BRDA:12,1,1,16
BRDA:21,2,0,0
BRDA:21,2,1,15
BRF:5
BRH:4
end_of_record
TN:
SF:src\controller\index.ts
FNF:0
FNH:0
DA:1,3
DA:2,3
DA:3,3
DA:4,3
DA:5,3
DA:7,3
LF:6
LH:6
BRF:0
BRH:0
end_of_record
TN:
SF:src\controller\onDelete.ts
FN:4,(anonymous_1)
FN:8,(anonymous_2)
FN:11,(anonymous_3)
FN:26,(anonymous_4)
FN:35,(anonymous_5)
FN:37,(anonymous_6)
FNF:6
FNH:0
FNDA:0,(anonymous_1)
FNDA:0,(anonymous_2)
FNDA:0,(anonymous_3)
FNDA:0,(anonymous_4)
FNDA:0,(anonymous_5)
FNDA:0,(anonymous_6)
DA:1,3
DA:2,3
DA:4,3
DA:5,0
DA:7,0
DA:9,0
DA:12,0
DA:13,0
DA:15,0
DA:16,0
DA:17,0
DA:21,0
DA:22,0
DA:23,0
DA:26,0
DA:27,0
DA:28,0
DA:29,0
DA:30,0
DA:31,0
DA:32,0
DA:35,0
DA:36,0
DA:37,0
DA:39,0
DA:40,0
DA:41,0
DA:42,0
DA:43,0
DA:47,3
LF:30
LH:4
BRDA:15,0,0,0
BRDA:27,1,0,0
BRF:2
BRH:0
end_of_record
TN:
SF:src\controller\onGet.ts
FN:8,(anonymous_1)
FN:9,(anonymous_2)
FN:16,(anonymous_3)
FN:19,(anonymous_4)
FN:23,(anonymous_5)
FN:28,(anonymous_6)
FN:37,(anonymous_7)
FN:38,(anonymous_8)
FN:55,(anonymous_9)
FN:64,(anonymous_10)
FNF:10
FNH:5
FNDA:2,(anonymous_1)
FNDA:1,(anonymous_2)
FNDA:0,(anonymous_3)
FNDA:0,(anonymous_4)
FNDA:0,(anonymous_5)
FNDA:1,(anonymous_6)
FNDA:1,(anonymous_7)
FNDA:1,(anonymous_8)
FNDA:0,(anonymous_9)
FNDA:0,(anonymous_10)
DA:1,3
DA:2,3
DA:3,3
DA:4,3
DA:6,3
DA:8,3
DA:9,2
DA:10,1
DA:11,1
DA:12,1
DA:13,1
DA:16,2
DA:17,0
DA:18,0
DA:19,0
DA:20,0
DA:21,0
DA:23,0
DA:24,0
DA:28,2
DA:29,1
DA:30,1
DA:31,1
DA:34,2
DA:35,2
DA:37,2
DA:38,1
DA:39,1
DA:42,1
DA:44,0
DA:45,0
DA:46,0
DA:50,0
DA:51,0
DA:52,0
DA:55,0
DA:56,0
DA:57,0
DA:58,0
DA:59,0
DA:60,0
DA:61,0
DA:64,0
DA:65,0
DA:66,0
DA:67,0
DA:68,0
DA:71,2
DA:73,0
DA:75,1
DA:77,1
DA:81,3
LF:52
LH:26
BRDA:42,0,0,1
BRDA:44,1,0,0
BRDA:56,2,0,0
BRDA:71,3,0,0
BRDA:71,3,1,1
BRDA:71,3,2,1
BRF:6
BRH:3
end_of_record
TN:
SF:src\controller\onPost.ts
FN:4,(anonymous_1)
FN:16,(anonymous_2)
FN:19,(anonymous_3)
FN:25,(anonymous_4)
FN:65,(anonymous_5)
FN:82,(anonymous_6)
FN:94,(anonymous_7)
FNF:7
FNH:7
FNDA:2,(anonymous_1)
FNDA:2,(anonymous_2)
FNDA:2,(anonymous_3)
FNDA:6,(anonymous_4)
FNDA:2,(anonymous_5)
FNDA:1,(anonymous_6)
FNDA:2,(anonymous_7)
DA:1,3
DA:2,3
DA:4,3
DA:5,2
DA:6,0
DA:7,0
DA:8,0
DA:9,0
DA:10,0
DA:13,2
DA:15,2
DA:17,2
DA:22,2
DA:24,2
DA:25,2
DA:26,6
DA:28,6
DA:29,4
DA:30,4
DA:34,4
DA:35,4
DA:38,6
DA:39,4
DA:40,4
DA:44,4
DA:45,4
DA:48,6
DA:49,4
DA:50,4
DA:54,4
DA:55,4
DA:57,6
DA:59,2
DA:61,2
DA:63,2
DA:64,2
DA:65,2
DA:67,2
DA:69,0
DA:70,0
DA:76,0
DA:77,0
DA:81,2
DA:82,1
DA:85,2
DA:86,0
DA:87,0
DA:88,0
DA:89,0
DA:90,0
DA:94,2
DA:95,2
DA:96,2
DA:97,2
DA:98,2
DA:101,2
DA:108,2
DA:109,2
DA:110,2
DA:111,2
DA:112,2
DA:116,3
LF:62
LH:48
BRDA:5,0,0,0
BRDA:28,1,0,4
BRDA:38,2,0,4
BRDA:48,3,0,4
BRDA:57,4,0,2
BRDA:57,4,1,2
BRDA:57,4,2,2
BRDA:57,4,3,0
BRDA:64,5,0,2
BRDA:82,6,0,1
BRDA:82,6,1,0
BRDA:85,7,0,0
BRDA:105,8,0,2
BRDA:105,8,1,0
BRF:14
BRH:9
end_of_record
TN:
SF:src\controller\onPut.ts
FN:4,(anonymous_1)
FN:8,(anonymous_2)
FN:11,(anonymous_3)
FN:26,(anonymous_4)
FN:40,(anonymous_5)
FN:51,(anonymous_6)
FN:79,(anonymous_7)
FNF:7
FNH:0
FNDA:0,(anonymous_1)
FNDA:0,(anonymous_2)
FNDA:0,(anonymous_3)
FNDA:0,(anonymous_4)
FNDA:0,(anonymous_5)
FNDA:0,(anonymous_6)
FNDA:0,(anonymous_7)
DA:1,3
DA:2,3
DA:4,3
DA:5,0
DA:7,0
DA:9,0
DA:12,0
DA:13,0
DA:15,0
DA:16,0
DA:17,0
DA:21,0
DA:22,0
DA:23,0
DA:26,0
DA:27,0
DA:28,0
DA:29,0
DA:30,0
DA:31,0
DA:32,0
DA:37,0
DA:39,0
DA:40,0
DA:41,0
DA:43,0
DA:45,0
DA:47,0
DA:49,0
DA:50,0
DA:51,0
DA:53,0
DA:55,0
DA:56,0
DA:62,0
DA:63,0
DA:73,0
DA:79,0
DA:80,0
DA:81,0
DA:84,0
DA:85,0
DA:89,3
LF:43
LH:4
BRDA:15,0,0,0
BRDA:27,1,0,0
BRDA:43,2,0,0
BRDA:43,2,1,0
BRDA:43,2,2,0
BRDA:43,2,3,0
BRDA:50,3,0,0
BRDA:80,4,0,0
BRF:8
BRH:0
end_of_record
